<?xml version="1.0" encoding="UTF-8"?>
<!-- Generated by org.testng.reporters.JUnitReportReporter -->
<testsuite hostname="DESKTOP-SK8857J" failures="0" tests="1" name="testngpackage.rightbutton" time="0.949" errors="0" timestamp="2024-10-29T21:42:07 PDT" skipped="0">
  <testcase classname="testngpackage.rightbutton" name="test" time="0.949"/>
  <system-out/>
</testsuite> <!-- testngpackage.rightbutton -->
