<?xml version="1.0" encoding="UTF-8"?>
<!-- Generated by org.testng.reporters.JUnitReportReporter -->
<testsuite hostname="DESKTOP-SK8857J" failures="0" tests="1" name="testngpackage.urlvalidation" time="0.801" errors="0" timestamp="2024-10-29T01:12:08 PDT" skipped="0">
  <testcase classname="testngpackage.urlvalidation" name="test" time="0.801"/>
  <system-out/>
</testsuite> <!-- testngpackage.urlvalidation -->
