<?xml version="1.0" encoding="UTF-8"?>
<!-- Generated by org.testng.reporters.JUnitReportReporter -->
<testsuite hostname="DESKTOP-SK8857J" failures="0" tests="1" name="testngpackage.datepicker" time="2.111" errors="0" timestamp="2024-11-06T21:25:46 PST" skipped="0">
  <testcase classname="testngpackage.datepicker" name="datepicker" time="2.111"/>
  <system-out/>
</testsuite> <!-- testngpackage.datepicker -->
