<?xml version="1.0" encoding="UTF-8"?>
<!-- Generated by org.testng.reporters.JUnitReportReporter -->
<testsuite hostname="DESKTOP-SK8857J" failures="0" tests="1" name="testngpackage.copypaste" time="0.566" errors="0" timestamp="2024-10-27T20:58:09 PDT" skipped="0">
  <testcase classname="testngpackage.copypaste" name="test" time="0.566"/>
  <system-out/>
</testsuite> <!-- testngpackage.copypaste -->
