<?xml version="1.0" encoding="UTF-8"?>
<!-- Generated by org.testng.reporters.JUnitReportReporter -->
<testsuite hostname="DESKTOP-SK8857J" failures="0" tests="1" name="testngpackage.windowhandler" time="7.540" errors="0" timestamp="2024-11-06T00:48:47 PST" skipped="0">
  <testcase classname="testngpackage.windowhandler" name="second" time="7.540"/>
  <system-out/>
</testsuite> <!-- testngpackage.windowhandler -->
