<?xml version="1.0" encoding="UTF-8"?>
<!-- Generated by org.testng.reporters.JUnitReportReporter -->
<testsuite hostname="DESKTOP-SK8857J" failures="0" tests="1" name="test.fblogintest" time="0.470" errors="0" timestamp="2024-10-31T02:05:12 PDT" skipped="0">
  <testcase classname="test.fblogintest" name="fbloginpage" time="0.470"/>
  <system-out/>
</testsuite> <!-- test.fblogintest -->
