<?xml version="1.0" encoding="UTF-8"?>
<!-- Generated by org.testng.reporters.JUnitReportReporter -->
<testsuite hostname="DESKTOP-SK8857J" failures="0" tests="1" name="test.pagefactorytest" time="3.890" errors="0" timestamp="2024-11-03T07:36:28 PST" skipped="0">
  <testcase classname="test.pagefactorytest" name="pagefactory" time="3.890"/>
  <system-out/>
</testsuite> <!-- test.pagefactorytest -->
