<?xml version="1.0" encoding="UTF-8"?>
<!-- Generated by org.testng.reporters.JUnitReportReporter -->
<testsuite hostname="DESKTOP-SK8857J" failures="0" tests="1" name="testngpackage.datadriventest" time="100.915" errors="0" timestamp="2024-11-07T00:14:48 PST" skipped="0">
  <testcase classname="testngpackage.datadriventest" name="test" time="100.915"/>
  <system-out/>
</testsuite> <!-- testngpackage.datadriventest -->
