<?xml version="1.0" encoding="UTF-8"?>
<!-- Generated by org.testng.reporters.JUnitReportReporter -->
<testsuite hostname="DESKTOP-SK8857J" failures="0" tests="1" name="testngpackage.daepicker" time="0.704" errors="0" timestamp="2024-10-29T02:12:45 PDT" skipped="0">
  <testcase classname="testngpackage.daepicker" name="datepicker" time="0.704"/>
  <system-out/>
</testsuite> <!-- testngpackage.daepicker -->
